[35m[1mConsolidate compiler generated dependencies of target gimbal_capture_image[0m
[ 50%] [32mBuilding CXX object CMakeFiles/gimbal_capture_image.dir/src/gimbal_capture_image.cpp.o[0m
[01m[K/home/dtc-mrsd/Downloads/ros2_gimbal_ws/src/gimbal_capture_image/src/gimbal_capture_image.cpp:13:10:[m[K [01;31m[Kfatal error: [m[Kgimbal_publisher.h: No such file or directory
   13 | #include [01;31m[K"gimbal_publisher.h"[m[K  // ç¡®ä¿åŒ…å« GimbalPublisher çš„å¤´æ–‡ä»¶
      |          [01;31m[K^~~~~~~~~~~~~~~~~~~~[m[K
compilation terminated.
gmake[2]: *** [CMakeFiles/gimbal_capture_image.dir/build.make:76: CMakeFiles/gimbal_capture_image.dir/src/gimbal_capture_image.cpp.o] Error 1
gmake[1]: *** [CMakeFiles/Makefile2:137: CMakeFiles/gimbal_capture_image.dir/all] Error 2
gmake: *** [Makefile:146: all] Error 2
