-- Found cv_bridge: 3.2.1 (/opt/ros/humble/share/cv_bridge/cmake)
-- Found rosidl_generator_c: 3.1.6 (/opt/ros/humble/share/rosidl_generator_c/cmake)
-- Found rosidl_adapter: 3.1.6 (/opt/ros/humble/share/rosidl_adapter/cmake)
-- Found rosidl_generator_cpp: 3.1.6 (/opt/ros/humble/share/rosidl_generator_cpp/cmake)
-- Using all available rosidl_typesupport_c: rosidl_typesupport_fastrtps_c;rosidl_typesupport_introspection_c
-- Using all available rosidl_typesupport_cpp: rosidl_typesupport_fastrtps_cpp;rosidl_typesupport_introspection_cpp
-- Found ament_cmake_auto: 1.3.11 (/opt/ros/humble/share/ament_cmake_auto/cmake)
-- Found camera_info_manager: 3.1.10 (/opt/ros/humble/share/camera_info_manager/cmake)
-- Found rmw_implementation_cmake: 6.1.2 (/opt/ros/humble/share/rmw_implementation_cmake/cmake)
-- Found rmw_fastrtps_cpp: 6.2.7 (/opt/ros/humble/share/rmw_fastrtps_cpp/cmake)
-- Using RMW implementation 'rmw_fastrtps_cpp' as default
-- opencv version 4.5.4
-- Found ament_lint_auto: 0.12.11 (/opt/ros/humble/share/ament_lint_auto/cmake)
-- Added test 'copyright' to check source files copyright and LICENSE
-- Added test 'cppcheck' to perform static code analysis on C / C++ code
-- Configured cppcheck include dirs: /home/dtc-mrsd/Downloads/ros2_gimbal_ws/src/image_publisher/include
-- Configured cppcheck exclude dirs and/or files: 
-- Added test 'cpplint' to check C / C++ code against the Google style
-- Configured cpplint exclude dirs and/or files: 
-- Added test 'flake8' to check Python code syntax and style conventions
-- Added test 'lint_cmake' to check CMake code style
-- Added test 'pep257' to check Python code against some of the docstring style conventions in PEP 257
-- Added test 'uncrustify' to check C / C++ code style
-- Configured uncrustify additional arguments: 
-- Added test 'xmllint' to check XML markup files
-- Configuring done
-- Generating done
-- Build files have been written to: /home/dtc-mrsd/Downloads/ros2_gimbal_ws/build/image_publisher
[ 25%] [32mBuilding CXX object CMakeFiles/image_publisher.dir/src/image_publisher.cpp.o[0m
[01m[K/home/dtc-mrsd/Downloads/ros2_gimbal_ws/src/image_publisher/src/image_publisher.cpp:[m[K In constructor â€˜[01m[Kimage_publisher::ImagePublisher::ImagePublisher(const rclcpp::NodeOptions&, const string&)[m[Kâ€™:
[01m[K/home/dtc-mrsd/Downloads/ros2_gimbal_ws/src/image_publisher/src/image_publisher.cpp:69:50:[m[K [01;31m[Kerror: [m[Ktoo many arguments to function â€˜[01m[Kimage_transport::CameraPublisher image_transport::create_camera_publisher(rclcpp::Node*, const string&, rmw_qos_profile_t)[m[Kâ€™
   69 |   pub_ = [01;31m[Kimage_transport::create_camera_publisher(this, topic_name, rmw_qos_profile_default,[m[K
      |          [01;31m[K~~~~~~~~~~~~~~~~~~~~~~~~~~~~~~~~~~~~~~~~^~~~~~~~~~~~~~~~~~~~~~~~~~~~~~~~~~~~~~~~~~~[m[K
   70 | [01;31m[K      pub_options)[m[K;
      |       [01;31m[K~~~~~~~~~~~~[m[K                                
In file included from [01m[K/home/dtc-mrsd/Downloads/ros2_gimbal_ws/src/image_publisher/include/image_publisher/image_publisher.hpp:38[m[K,
                 from [01m[K/home/dtc-mrsd/Downloads/ros2_gimbal_ws/src/image_publisher/src/image_publisher.cpp:48[m[K:
[01m[K/opt/ros/humble/include/image_transport/image_transport/image_transport.hpp:74:17:[m[K [01;36m[Knote: [m[Kdeclared here
   74 | CameraPublisher [01;36m[Kcreate_camera_publisher[m[K(
      |                 [01;36m[K^~~~~~~~~~~~~~~~~~~~~~~[m[K
gmake[2]: *** [CMakeFiles/image_publisher.dir/build.make:76: CMakeFiles/image_publisher.dir/src/image_publisher.cpp.o] Error 1
gmake[1]: *** [CMakeFiles/Makefile2:139: CMakeFiles/image_publisher.dir/all] Error 2
gmake: *** [Makefile:146: all] Error 2
